[0.462s] DEBUG:colcon:Command line arguments: ['/usr/bin/colcon', 'build']
[0.462s] DEBUG:colcon:Parsed command line arguments: Namespace(log_base=None, log_level=None, verb_name='build', build_base='build', install_base='install', merge_install=False, symlink_install=False, test_result_base=None, continue_on_error=False, executor='parallel', parallel_workers=4, event_handlers=None, ignore_user_meta=False, metas=['./colcon.meta'], base_paths=['.'], packages_ignore=None, packages_ignore_regex=None, paths=None, packages_up_to=None, packages_up_to_regex=None, packages_above=None, packages_above_and_dependencies=None, packages_above_depth=None, packages_select_by_dep=None, packages_skip_by_dep=None, packages_skip_up_to=None, packages_select_build_failed=False, packages_skip_build_finished=False, packages_select_test_failures=False, packages_skip_test_passed=False, packages_select=None, packages_skip=None, packages_select_regex=None, packages_skip_regex=None, packages_start=None, packages_end=None, allow_overriding=[], cmake_args=None, cmake_target=None, cmake_target_skip_unavailable=False, cmake_clean_cache=False, cmake_clean_first=False, cmake_force_configure=False, ament_cmake_args=None, catkin_cmake_args=None, catkin_skip_building_tests=False, verb_parser=<colcon_defaults.argument_parser.defaults.DefaultArgumentsDecorator object at 0x7f6d160bac20>, verb_extension=<colcon_core.verb.build.BuildVerb object at 0x7f6d16994400>, main=<bound method BuildVerb.main of <colcon_core.verb.build.BuildVerb object at 0x7f6d16994400>>)
[0.491s] Level 1:colcon.colcon_core.package_discovery:discover_packages(colcon_meta) check parameters
[0.491s] Level 1:colcon.colcon_core.package_discovery:discover_packages(recursive) check parameters
[0.491s] Level 1:colcon.colcon_core.package_discovery:discover_packages(ignore) check parameters
[0.492s] Level 1:colcon.colcon_core.package_discovery:discover_packages(path) check parameters
[0.492s] Level 1:colcon.colcon_core.package_discovery:discover_packages(colcon_meta) discover
[0.492s] Level 1:colcon.colcon_core.package_discovery:discover_packages(recursive) discover
[0.492s] INFO:colcon.colcon_core.package_discovery:Crawling recursively for packages in '/home/laura/ndt_ws'
[0.492s] Level 1:colcon.colcon_core.package_identification:_identify(.) by extensions ['ignore', 'ignore_ament_install']
[0.492s] Level 1:colcon.colcon_core.package_identification:_identify(.) by extension 'ignore'
[0.492s] Level 1:colcon.colcon_core.package_identification:_identify(.) by extension 'ignore_ament_install'
[0.492s] Level 1:colcon.colcon_core.package_identification:_identify(.) by extensions ['colcon_pkg']
[0.492s] Level 1:colcon.colcon_core.package_identification:_identify(.) by extension 'colcon_pkg'
[0.492s] Level 1:colcon.colcon_core.package_identification:_identify(.) by extensions ['colcon_meta']
[0.492s] Level 1:colcon.colcon_core.package_identification:_identify(.) by extension 'colcon_meta'
[0.492s] Level 1:colcon.colcon_core.package_identification:_identify(.) by extensions ['ros']
[0.492s] Level 1:colcon.colcon_core.package_identification:_identify(.) by extension 'ros'
[0.506s] Level 1:colcon.colcon_core.package_identification:_identify(.) by extensions ['cmake', 'python']
[0.506s] Level 1:colcon.colcon_core.package_identification:_identify(.) by extension 'cmake'
[0.506s] Level 1:colcon.colcon_core.package_identification:_identify(.) by extension 'python'
[0.506s] Level 1:colcon.colcon_core.package_identification:_identify(.) by extensions ['python_setup_py']
[0.507s] Level 1:colcon.colcon_core.package_identification:_identify(.) by extension 'python_setup_py'
[0.507s] Level 1:colcon.colcon_core.package_identification:_identify(build) by extensions ['ignore', 'ignore_ament_install']
[0.507s] Level 1:colcon.colcon_core.package_identification:_identify(build) by extension 'ignore'
[0.507s] Level 1:colcon.colcon_core.package_identification:_identify(build) ignored
[0.507s] Level 1:colcon.colcon_core.package_identification:_identify(install) by extensions ['ignore', 'ignore_ament_install']
[0.507s] Level 1:colcon.colcon_core.package_identification:_identify(install) by extension 'ignore'
[0.507s] Level 1:colcon.colcon_core.package_identification:_identify(install) ignored
[0.507s] Level 1:colcon.colcon_core.package_identification:_identify(log) by extensions ['ignore', 'ignore_ament_install']
[0.507s] Level 1:colcon.colcon_core.package_identification:_identify(log) by extension 'ignore'
[0.507s] Level 1:colcon.colcon_core.package_identification:_identify(log) ignored
[0.508s] Level 1:colcon.colcon_core.package_identification:_identify(src) by extensions ['ignore', 'ignore_ament_install']
[0.508s] Level 1:colcon.colcon_core.package_identification:_identify(src) by extension 'ignore'
[0.508s] Level 1:colcon.colcon_core.package_identification:_identify(src) by extension 'ignore_ament_install'
[0.508s] Level 1:colcon.colcon_core.package_identification:_identify(src) by extensions ['colcon_pkg']
[0.508s] Level 1:colcon.colcon_core.package_identification:_identify(src) by extension 'colcon_pkg'
[0.508s] Level 1:colcon.colcon_core.package_identification:_identify(src) by extensions ['colcon_meta']
[0.508s] Level 1:colcon.colcon_core.package_identification:_identify(src) by extension 'colcon_meta'
[0.508s] Level 1:colcon.colcon_core.package_identification:_identify(src) by extensions ['ros']
[0.508s] Level 1:colcon.colcon_core.package_identification:_identify(src) by extension 'ros'
[0.508s] Level 1:colcon.colcon_core.package_identification:_identify(src) by extensions ['cmake', 'python']
[0.508s] Level 1:colcon.colcon_core.package_identification:_identify(src) by extension 'cmake'
[0.508s] Level 1:colcon.colcon_core.package_identification:_identify(src) by extension 'python'
[0.508s] Level 1:colcon.colcon_core.package_identification:_identify(src) by extensions ['python_setup_py']
[0.508s] Level 1:colcon.colcon_core.package_identification:_identify(src) by extension 'python_setup_py'
[0.508s] Level 1:colcon.colcon_core.package_identification:_identify(src/ndt_omp_ros2) by extensions ['ignore', 'ignore_ament_install']
[0.508s] Level 1:colcon.colcon_core.package_identification:_identify(src/ndt_omp_ros2) by extension 'ignore'
[0.509s] Level 1:colcon.colcon_core.package_identification:_identify(src/ndt_omp_ros2) by extension 'ignore_ament_install'
[0.509s] Level 1:colcon.colcon_core.package_identification:_identify(src/ndt_omp_ros2) by extensions ['colcon_pkg']
[0.509s] Level 1:colcon.colcon_core.package_identification:_identify(src/ndt_omp_ros2) by extension 'colcon_pkg'
[0.509s] Level 1:colcon.colcon_core.package_identification:_identify(src/ndt_omp_ros2) by extensions ['colcon_meta']
[0.509s] Level 1:colcon.colcon_core.package_identification:_identify(src/ndt_omp_ros2) by extension 'colcon_meta'
[0.509s] Level 1:colcon.colcon_core.package_identification:_identify(src/ndt_omp_ros2) by extensions ['ros']
[0.509s] Level 1:colcon.colcon_core.package_identification:_identify(src/ndt_omp_ros2) by extension 'ros'
[0.512s] DEBUG:colcon.colcon_core.package_identification:Package 'src/ndt_omp_ros2' with type 'ros.ament_cmake' and name 'ndt_omp_ros2'
[0.512s] Level 1:colcon.colcon_core.package_discovery:discover_packages(recursive) using defaults
[0.512s] Level 1:colcon.colcon_core.package_discovery:discover_packages(ignore) discover
[0.512s] Level 1:colcon.colcon_core.package_discovery:discover_packages(ignore) using defaults
[0.512s] Level 1:colcon.colcon_core.package_discovery:discover_packages(path) discover
[0.512s] Level 1:colcon.colcon_core.package_discovery:discover_packages(path) using defaults
[0.539s] Level 1:colcon.colcon_core.package_discovery:discover_packages(prefix_path) check parameters
[0.539s] Level 1:colcon.colcon_core.package_discovery:discover_packages(prefix_path) discover
[0.541s] WARNING:colcon.colcon_ros.prefix_path.catkin:The path '/home/laura/test_msgs' in the environment variable CMAKE_PREFIX_PATH doesn't exist
[0.544s] DEBUG:colcon.colcon_installed_package_information.package_discovery:Found 316 installed packages in /opt/ros/humble
[0.548s] Level 1:colcon.colcon_core.package_discovery:discover_packages(prefix_path) using defaults
[0.633s] Level 5:colcon.colcon_core.verb:set package 'ndt_omp_ros2' build argument 'cmake_args' from command line to 'None'
[0.633s] Level 5:colcon.colcon_core.verb:set package 'ndt_omp_ros2' build argument 'cmake_target' from command line to 'None'
[0.633s] Level 5:colcon.colcon_core.verb:set package 'ndt_omp_ros2' build argument 'cmake_target_skip_unavailable' from command line to 'False'
[0.633s] Level 5:colcon.colcon_core.verb:set package 'ndt_omp_ros2' build argument 'cmake_clean_cache' from command line to 'False'
[0.633s] Level 5:colcon.colcon_core.verb:set package 'ndt_omp_ros2' build argument 'cmake_clean_first' from command line to 'False'
[0.633s] Level 5:colcon.colcon_core.verb:set package 'ndt_omp_ros2' build argument 'cmake_force_configure' from command line to 'False'
[0.633s] Level 5:colcon.colcon_core.verb:set package 'ndt_omp_ros2' build argument 'ament_cmake_args' from command line to 'None'
[0.633s] Level 5:colcon.colcon_core.verb:set package 'ndt_omp_ros2' build argument 'catkin_cmake_args' from command line to 'None'
[0.633s] Level 5:colcon.colcon_core.verb:set package 'ndt_omp_ros2' build argument 'catkin_skip_building_tests' from command line to 'False'
[0.633s] DEBUG:colcon.colcon_core.verb:Building package 'ndt_omp_ros2' with the following arguments: {'ament_cmake_args': None, 'build_base': '/home/laura/ndt_ws/build/ndt_omp_ros2', 'catkin_cmake_args': None, 'catkin_skip_building_tests': False, 'cmake_args': None, 'cmake_clean_cache': False, 'cmake_clean_first': False, 'cmake_force_configure': False, 'cmake_target': None, 'cmake_target_skip_unavailable': False, 'install_base': '/home/laura/ndt_ws/install/ndt_omp_ros2', 'merge_install': False, 'path': '/home/laura/ndt_ws/src/ndt_omp_ros2', 'symlink_install': False, 'test_result_base': None}
[0.634s] INFO:colcon.colcon_core.executor:Executing jobs using 'parallel' executor
[0.638s] DEBUG:colcon.colcon_parallel_executor.executor.parallel:run_until_complete
[0.638s] INFO:colcon.colcon_ros.task.ament_cmake.build:Building ROS package in '/home/laura/ndt_ws/src/ndt_omp_ros2' with build type 'ament_cmake'
[0.638s] INFO:colcon.colcon_cmake.task.cmake.build:Building CMake package in '/home/laura/ndt_ws/src/ndt_omp_ros2'
[0.644s] INFO:colcon.colcon_core.plugin_system:Skipping extension 'colcon_core.shell.bat': Not used on non-Windows systems
[0.644s] INFO:colcon.colcon_core.shell:Skip shell extension 'powershell' for command environment: Not usable outside of PowerShell
[0.644s] DEBUG:colcon.colcon_core.shell:Skip shell extension 'dsv' for command environment
[0.661s] DEBUG:colcon.colcon_core.event_handler.log_command:Invoking command in '/home/laura/ndt_ws/build/ndt_omp_ros2': CMAKE_PREFIX_PATH=${CMAKE_PREFIX_PATH}:/opt/ros/humble /usr/bin/cmake --build /home/laura/ndt_ws/build/ndt_omp_ros2 -- -j4 -l4
[62.456s] DEBUG:colcon.colcon_core.event_handler.log_command:Invoked command in '/home/laura/ndt_ws/build/ndt_omp_ros2' returned '0': CMAKE_PREFIX_PATH=${CMAKE_PREFIX_PATH}:/opt/ros/humble /usr/bin/cmake --build /home/laura/ndt_ws/build/ndt_omp_ros2 -- -j4 -l4
[62.542s] DEBUG:colcon.colcon_core.event_handler.log_command:Invoking command in '/home/laura/ndt_ws/build/ndt_omp_ros2': CMAKE_PREFIX_PATH=${CMAKE_PREFIX_PATH}:/opt/ros/humble /usr/bin/cmake --install /home/laura/ndt_ws/build/ndt_omp_ros2
[62.566s] Level 1:colcon.colcon_core.environment:create_environment_scripts_only(ndt_omp_ros2)
[62.583s] DEBUG:colcon.colcon_core.event_handler.log_command:Invoked command in '/home/laura/ndt_ws/build/ndt_omp_ros2' returned '0': CMAKE_PREFIX_PATH=${CMAKE_PREFIX_PATH}:/opt/ros/humble /usr/bin/cmake --install /home/laura/ndt_ws/build/ndt_omp_ros2
[62.643s] Level 1:colcon.colcon_core.environment:checking '/home/laura/ndt_ws/install/ndt_omp_ros2' for CMake module files
[62.646s] Level 1:colcon.colcon_core.environment:checking '/home/laura/ndt_ws/install/ndt_omp_ros2' for CMake config files
[62.647s] Level 1:colcon.colcon_core.shell:create_environment_hook('ndt_omp_ros2', 'cmake_prefix_path')
[62.650s] INFO:colcon.colcon_core.shell:Creating environment hook '/home/laura/ndt_ws/install/ndt_omp_ros2/share/ndt_omp_ros2/hook/cmake_prefix_path.ps1'
[62.653s] INFO:colcon.colcon_core.shell:Creating environment descriptor '/home/laura/ndt_ws/install/ndt_omp_ros2/share/ndt_omp_ros2/hook/cmake_prefix_path.dsv'
[62.654s] INFO:colcon.colcon_core.shell:Creating environment hook '/home/laura/ndt_ws/install/ndt_omp_ros2/share/ndt_omp_ros2/hook/cmake_prefix_path.sh'
[62.659s] Level 1:colcon.colcon_core.environment:checking '/home/laura/ndt_ws/install/ndt_omp_ros2/lib'
[62.659s] Level 1:colcon.colcon_core.environment:checking '/home/laura/ndt_ws/install/ndt_omp_ros2/bin'
[62.659s] Level 1:colcon.colcon_core.shell:create_environment_hook('ndt_omp_ros2', 'path')
[62.661s] INFO:colcon.colcon_core.shell:Creating environment hook '/home/laura/ndt_ws/install/ndt_omp_ros2/share/ndt_omp_ros2/hook/path.ps1'
[62.662s] INFO:colcon.colcon_core.shell:Creating environment descriptor '/home/laura/ndt_ws/install/ndt_omp_ros2/share/ndt_omp_ros2/hook/path.dsv'
[62.663s] INFO:colcon.colcon_core.shell:Creating environment hook '/home/laura/ndt_ws/install/ndt_omp_ros2/share/ndt_omp_ros2/hook/path.sh'
[62.664s] Level 1:colcon.colcon_core.environment:checking '/home/laura/ndt_ws/install/ndt_omp_ros2/lib/pkgconfig/ndt_omp_ros2.pc'
[62.667s] Level 1:colcon.colcon_core.environment:checking '/home/laura/ndt_ws/install/ndt_omp_ros2/lib/python3.10/site-packages'
[62.667s] Level 1:colcon.colcon_core.environment:checking '/home/laura/ndt_ws/install/ndt_omp_ros2/bin'
[62.667s] Level 1:colcon.colcon_core.shell:create_environment_hook('ndt_omp_ros2', 'pythonscriptspath')
[62.669s] INFO:colcon.colcon_core.shell:Creating environment hook '/home/laura/ndt_ws/install/ndt_omp_ros2/share/ndt_omp_ros2/hook/pythonscriptspath.ps1'
[62.670s] INFO:colcon.colcon_core.shell:Creating environment descriptor '/home/laura/ndt_ws/install/ndt_omp_ros2/share/ndt_omp_ros2/hook/pythonscriptspath.dsv'
[62.670s] INFO:colcon.colcon_core.shell:Creating environment hook '/home/laura/ndt_ws/install/ndt_omp_ros2/share/ndt_omp_ros2/hook/pythonscriptspath.sh'
[62.672s] INFO:colcon.colcon_core.shell:Creating package script '/home/laura/ndt_ws/install/ndt_omp_ros2/share/ndt_omp_ros2/package.ps1'
[62.674s] INFO:colcon.colcon_core.shell:Creating package descriptor '/home/laura/ndt_ws/install/ndt_omp_ros2/share/ndt_omp_ros2/package.dsv'
[62.674s] INFO:colcon.colcon_core.shell:Creating package script '/home/laura/ndt_ws/install/ndt_omp_ros2/share/ndt_omp_ros2/package.sh'
[62.675s] INFO:colcon.colcon_core.shell:Creating package script '/home/laura/ndt_ws/install/ndt_omp_ros2/share/ndt_omp_ros2/package.bash'
[62.676s] INFO:colcon.colcon_core.shell:Creating package script '/home/laura/ndt_ws/install/ndt_omp_ros2/share/ndt_omp_ros2/package.zsh'
[62.678s] Level 1:colcon.colcon_core.environment:create_file_with_runtime_dependencies(/home/laura/ndt_ws/install/ndt_omp_ros2/share/colcon-core/packages/ndt_omp_ros2)
[62.716s] Level 1:colcon.colcon_core.environment:create_environment_scripts_only(ndt_omp_ros2)
[62.718s] Level 1:colcon.colcon_core.environment:checking '/home/laura/ndt_ws/install/ndt_omp_ros2' for CMake module files
[62.719s] Level 1:colcon.colcon_core.environment:checking '/home/laura/ndt_ws/install/ndt_omp_ros2' for CMake config files
[62.719s] Level 1:colcon.colcon_core.shell:create_environment_hook('ndt_omp_ros2', 'cmake_prefix_path')
[62.721s] INFO:colcon.colcon_core.shell:Creating environment hook '/home/laura/ndt_ws/install/ndt_omp_ros2/share/ndt_omp_ros2/hook/cmake_prefix_path.ps1'
[62.722s] INFO:colcon.colcon_core.shell:Creating environment descriptor '/home/laura/ndt_ws/install/ndt_omp_ros2/share/ndt_omp_ros2/hook/cmake_prefix_path.dsv'
[62.722s] INFO:colcon.colcon_core.shell:Creating environment hook '/home/laura/ndt_ws/install/ndt_omp_ros2/share/ndt_omp_ros2/hook/cmake_prefix_path.sh'
[62.723s] Level 1:colcon.colcon_core.environment:checking '/home/laura/ndt_ws/install/ndt_omp_ros2/lib'
[62.723s] Level 1:colcon.colcon_core.environment:checking '/home/laura/ndt_ws/install/ndt_omp_ros2/bin'
[62.723s] Level 1:colcon.colcon_core.shell:create_environment_hook('ndt_omp_ros2', 'path')
[62.724s] INFO:colcon.colcon_core.shell:Creating environment hook '/home/laura/ndt_ws/install/ndt_omp_ros2/share/ndt_omp_ros2/hook/path.ps1'
[62.725s] INFO:colcon.colcon_core.shell:Creating environment descriptor '/home/laura/ndt_ws/install/ndt_omp_ros2/share/ndt_omp_ros2/hook/path.dsv'
[62.725s] INFO:colcon.colcon_core.shell:Creating environment hook '/home/laura/ndt_ws/install/ndt_omp_ros2/share/ndt_omp_ros2/hook/path.sh'
[62.726s] Level 1:colcon.colcon_core.environment:checking '/home/laura/ndt_ws/install/ndt_omp_ros2/lib/pkgconfig/ndt_omp_ros2.pc'
[62.726s] Level 1:colcon.colcon_core.environment:checking '/home/laura/ndt_ws/install/ndt_omp_ros2/lib/python3.10/site-packages'
[62.726s] Level 1:colcon.colcon_core.environment:checking '/home/laura/ndt_ws/install/ndt_omp_ros2/bin'
[62.726s] Level 1:colcon.colcon_core.shell:create_environment_hook('ndt_omp_ros2', 'pythonscriptspath')
[62.728s] INFO:colcon.colcon_core.shell:Creating environment hook '/home/laura/ndt_ws/install/ndt_omp_ros2/share/ndt_omp_ros2/hook/pythonscriptspath.ps1'
[62.728s] INFO:colcon.colcon_core.shell:Creating environment descriptor '/home/laura/ndt_ws/install/ndt_omp_ros2/share/ndt_omp_ros2/hook/pythonscriptspath.dsv'
[62.728s] INFO:colcon.colcon_core.shell:Creating environment hook '/home/laura/ndt_ws/install/ndt_omp_ros2/share/ndt_omp_ros2/hook/pythonscriptspath.sh'
[62.730s] INFO:colcon.colcon_core.shell:Creating package script '/home/laura/ndt_ws/install/ndt_omp_ros2/share/ndt_omp_ros2/package.ps1'
[62.731s] INFO:colcon.colcon_core.shell:Creating package descriptor '/home/laura/ndt_ws/install/ndt_omp_ros2/share/ndt_omp_ros2/package.dsv'
[62.732s] INFO:colcon.colcon_core.shell:Creating package script '/home/laura/ndt_ws/install/ndt_omp_ros2/share/ndt_omp_ros2/package.sh'
[62.732s] INFO:colcon.colcon_core.shell:Creating package script '/home/laura/ndt_ws/install/ndt_omp_ros2/share/ndt_omp_ros2/package.bash'
[62.733s] INFO:colcon.colcon_core.shell:Creating package script '/home/laura/ndt_ws/install/ndt_omp_ros2/share/ndt_omp_ros2/package.zsh'
[62.733s] Level 1:colcon.colcon_core.environment:create_file_with_runtime_dependencies(/home/laura/ndt_ws/install/ndt_omp_ros2/share/colcon-core/packages/ndt_omp_ros2)
[62.735s] DEBUG:colcon.colcon_parallel_executor.executor.parallel:closing loop
[62.735s] DEBUG:colcon.colcon_parallel_executor.executor.parallel:loop closed
[62.735s] DEBUG:colcon.colcon_parallel_executor.executor.parallel:run_until_complete finished with '0'
[62.736s] DEBUG:colcon.colcon_core.event_reactor:joining thread
[62.759s] INFO:colcon.colcon_core.plugin_system:Skipping extension 'colcon_notification.desktop_notification.terminal_notifier': Not used on non-Darwin systems
[62.759s] INFO:colcon.colcon_core.plugin_system:Skipping extension 'colcon_notification.desktop_notification.win32': Not used on non-Windows systems
[62.759s] INFO:colcon.colcon_notification.desktop_notification:Sending desktop notification using 'notify2'
[62.778s] DEBUG:colcon.colcon_core.event_reactor:joined thread
[62.782s] INFO:colcon.colcon_core.shell:Creating prefix script '/home/laura/ndt_ws/install/local_setup.ps1'
[62.784s] INFO:colcon.colcon_core.shell:Creating prefix util module '/home/laura/ndt_ws/install/_local_setup_util_ps1.py'
[62.786s] INFO:colcon.colcon_core.shell:Creating prefix chain script '/home/laura/ndt_ws/install/setup.ps1'
[62.788s] INFO:colcon.colcon_core.shell:Creating prefix script '/home/laura/ndt_ws/install/local_setup.sh'
[62.789s] INFO:colcon.colcon_core.shell:Creating prefix util module '/home/laura/ndt_ws/install/_local_setup_util_sh.py'
[62.790s] INFO:colcon.colcon_core.shell:Creating prefix chain script '/home/laura/ndt_ws/install/setup.sh'
[62.792s] INFO:colcon.colcon_core.shell:Creating prefix script '/home/laura/ndt_ws/install/local_setup.bash'
[62.792s] INFO:colcon.colcon_core.shell:Creating prefix chain script '/home/laura/ndt_ws/install/setup.bash'
[62.795s] INFO:colcon.colcon_core.shell:Creating prefix script '/home/laura/ndt_ws/install/local_setup.zsh'
[62.796s] INFO:colcon.colcon_core.shell:Creating prefix chain script '/home/laura/ndt_ws/install/setup.zsh'
