[0.034s] Invoking command in '/home/laura/ndt_ws/build/ndt_omp_ros2': CMAKE_PREFIX_PATH=${CMAKE_PREFIX_PATH}:/home/laura/ros2_ws/install/save_pointcloud:/home/laura/ros2_ws/install/nav2_simple_commander:/opt/ros/humble /usr/bin/cmake --build /home/laura/ndt_ws/build/ndt_omp_ros2 -- -j4 -l4
[0.175s] -- Found ament_cmake: 1.3.3 (/opt/ros/humble/share/ament_cmake/cmake)
[0.412s] -- Found rclcpp: 16.0.3 (/opt/ros/humble/share/rclcpp/cmake)
[0.483s] -- Found rosidl_generator_c: 3.1.4 (/opt/ros/humble/share/rosidl_generator_c/cmake)
[0.488s] -- Found rosidl_adapter: 3.1.4 (/opt/ros/humble/share/rosidl_adapter/cmake)
[0.501s] -- Found rosidl_generator_cpp: 3.1.4 (/opt/ros/humble/share/rosidl_generator_cpp/cmake)
[0.533s] -- Using all available rosidl_typesupport_c: rosidl_typesupport_fastrtps_c;rosidl_typesupport_introspection_c
[0.564s] -- Using all available rosidl_typesupport_cpp: rosidl_typesupport_fastrtps_cpp;rosidl_typesupport_introspection_cpp
[0.663s] -- Found rmw_implementation_cmake: 6.1.1 (/opt/ros/humble/share/rmw_implementation_cmake/cmake)
[0.669s] -- Found rmw_cyclonedds_cpp: 1.3.4 (/opt/ros/humble/share/rmw_cyclonedds_cpp/cmake)
[0.724s] -- Using RMW implementation 'rmw_cyclonedds_cpp' as default
[0.994s] -- Eigen found (include: /usr/include/eigen3, version: 3.4.0)
[1.075s] -- FLANN found (include: /usr/include, lib: /usr/lib/x86_64-linux-gnu/libflann_cpp.so)
[1.781s] -- OpenNI found (version: 1.5.4.0, include: /usr/include/ni, lib: /usr/lib/libOpenNI.so;libusb::libusb)
[1.790s] -- OpenNI2 found (version: 2.2.0.33, include: /usr/include/openni2, lib: /usr/lib/x86_64-linux-gnu/libOpenNI2.so;libusb::libusb)
[1.790s] [0m** WARNING ** io features related to pcap will be disabled[0m
[2.015s] -- Eigen found (include: /usr/include/eigen3, version: 3.4.0)
[2.024s] -- OpenNI found (version: 1.5.4.0, include: /usr/include/ni, lib: /usr/lib/libOpenNI.so;libusb::libusb)
[2.033s] -- OpenNI2 found (version: 2.2.0.33, include: /usr/include/openni2, lib: /usr/lib/x86_64-linux-gnu/libOpenNI2.so;libusb::libusb)
[2.260s] -- Found Qhull version 8.0.2
[2.491s] -- OpenNI found (version: 1.5.4.0, include: /usr/include/ni, lib: /usr/lib/libOpenNI.so;libusb::libusb)
[2.708s] -- looking for PCL_COMMON
[2.709s] -- looking for PCL_KDTREE
[2.709s] -- looking for PCL_OCTREE
[2.710s] -- looking for PCL_SEARCH
[2.710s] -- looking for PCL_SAMPLE_CONSENSUS
[2.711s] -- looking for PCL_FILTERS
[2.711s] -- looking for PCL_2D
[2.712s] -- looking for PCL_GEOMETRY
[2.712s] -- looking for PCL_IO
[2.713s] -- looking for PCL_FEATURES
[2.714s] -- looking for PCL_ML
[2.714s] -- looking for PCL_SEGMENTATION
[2.715s] -- looking for PCL_VISUALIZATION
[2.715s] -- looking for PCL_SURFACE
[2.716s] -- looking for PCL_REGISTRATION
[2.716s] -- looking for PCL_KEYPOINTS
[2.717s] -- looking for PCL_TRACKING
[2.718s] -- looking for PCL_RECOGNITION
[2.718s] -- looking for PCL_STEREO
[2.719s] -- looking for PCL_APPS
[2.720s] -- looking for PCL_IN_HAND_SCANNER
[2.720s] -- looking for PCL_MODELER
[2.721s] -- looking for PCL_POINT_CLOUD_EDITOR
[2.721s] -- looking for PCL_OUTOFCORE
[2.722s] -- looking for PCL_PEOPLE
[2.723s] -- PCL_INCLUDE_DIRS:/usr/include/pcl-1.12/usr/include/eigen3/usr/include/usr/include/ni/usr/include/openni2
[2.723s] -- PCL_LIBRARY_DIRS:/usr/lib/x86_64-linux-gnu
[2.723s] -- PCL_DEFINITIONS:-DDISABLE_PCAP
[2.826s] -- Configuring done
[2.900s] -- Generating done
[2.903s] -- Build files have been written to: /home/laura/ndt_ws/build/ndt_omp_ros2
[2.960s] [35m[1mConsolidate compiler generated dependencies of target ndt_omp[0m
[3.074s] [ 66%] Built target ndt_omp
[3.094s] [35m[1mConsolidate compiler generated dependencies of target align[0m
[3.175s] [100%] Built target align
[3.190s] Invoked command in '/home/laura/ndt_ws/build/ndt_omp_ros2' returned '0': CMAKE_PREFIX_PATH=${CMAKE_PREFIX_PATH}:/home/laura/ros2_ws/install/save_pointcloud:/home/laura/ros2_ws/install/nav2_simple_commander:/opt/ros/humble /usr/bin/cmake --build /home/laura/ndt_ws/build/ndt_omp_ros2 -- -j4 -l4
[3.276s] Invoking command in '/home/laura/ndt_ws/build/ndt_omp_ros2': CMAKE_PREFIX_PATH=${CMAKE_PREFIX_PATH}:/home/laura/ros2_ws/install/save_pointcloud:/home/laura/ros2_ws/install/nav2_simple_commander:/opt/ros/humble /usr/bin/cmake --install /home/laura/ndt_ws/build/ndt_omp_ros2
[3.288s] -- Install configuration: "RELEASE"
[3.289s] -- Up-to-date: /home/laura/ndt_ws/install/ndt_omp_ros2/lib/ndt_omp_ros2/align
[3.291s] -- Up-to-date: /home/laura/ndt_ws/install/ndt_omp_ros2/bin/align
[3.291s] -- Up-to-date: /home/laura/ndt_ws/install/ndt_omp_ros2/include
[3.291s] -- Up-to-date: /home/laura/ndt_ws/install/ndt_omp_ros2/include/pclomp
[3.291s] -- Up-to-date: /home/laura/ndt_ws/install/ndt_omp_ros2/include/pclomp/ndt_omp.h
[3.292s] -- Up-to-date: /home/laura/ndt_ws/install/ndt_omp_ros2/include/pclomp/gicp_omp_impl.hpp
[3.292s] -- Up-to-date: /home/laura/ndt_ws/install/ndt_omp_ros2/include/pclomp/voxel_grid_covariance_omp_impl.hpp
[3.292s] -- Up-to-date: /home/laura/ndt_ws/install/ndt_omp_ros2/include/pclomp/ndt_omp_impl.hpp
[3.292s] -- Up-to-date: /home/laura/ndt_ws/install/ndt_omp_ros2/include/pclomp/gicp_omp.h
[3.292s] -- Up-to-date: /home/laura/ndt_ws/install/ndt_omp_ros2/include/pclomp/voxel_grid_covariance_omp.h
[3.292s] -- Up-to-date: /home/laura/ndt_ws/install/ndt_omp_ros2/share/ament_index/resource_index/package_run_dependencies/ndt_omp_ros2
[3.292s] -- Installing: /home/laura/ndt_ws/install/ndt_omp_ros2/share/ament_index/resource_index/parent_prefix_path/ndt_omp_ros2
[3.293s] -- Up-to-date: /home/laura/ndt_ws/install/ndt_omp_ros2/share/ndt_omp_ros2/environment/ament_prefix_path.sh
[3.293s] -- Installing: /home/laura/ndt_ws/install/ndt_omp_ros2/share/ndt_omp_ros2/environment/ament_prefix_path.dsv
[3.294s] -- Up-to-date: /home/laura/ndt_ws/install/ndt_omp_ros2/share/ndt_omp_ros2/environment/path.sh
[3.294s] -- Installing: /home/laura/ndt_ws/install/ndt_omp_ros2/share/ndt_omp_ros2/environment/path.dsv
[3.294s] -- Up-to-date: /home/laura/ndt_ws/install/ndt_omp_ros2/share/ndt_omp_ros2/local_setup.bash
[3.294s] -- Up-to-date: /home/laura/ndt_ws/install/ndt_omp_ros2/share/ndt_omp_ros2/local_setup.sh
[3.294s] -- Up-to-date: /home/laura/ndt_ws/install/ndt_omp_ros2/share/ndt_omp_ros2/local_setup.zsh
[3.294s] -- Installing: /home/laura/ndt_ws/install/ndt_omp_ros2/share/ndt_omp_ros2/local_setup.dsv
[3.295s] -- Installing: /home/laura/ndt_ws/install/ndt_omp_ros2/share/ndt_omp_ros2/package.dsv
[3.295s] -- Up-to-date: /home/laura/ndt_ws/install/ndt_omp_ros2/share/ament_index/resource_index/packages/ndt_omp_ros2
[3.295s] -- Up-to-date: /home/laura/ndt_ws/install/ndt_omp_ros2/share/ndt_omp_ros2/cmake/ament_cmake_export_dependencies-extras.cmake
[3.295s] -- Up-to-date: /home/laura/ndt_ws/install/ndt_omp_ros2/share/ndt_omp_ros2/cmake/ament_cmake_export_include_directories-extras.cmake
[3.295s] -- Up-to-date: /home/laura/ndt_ws/install/ndt_omp_ros2/share/ndt_omp_ros2/cmake/ndt_omp_ros2Config.cmake
[3.295s] -- Up-to-date: /home/laura/ndt_ws/install/ndt_omp_ros2/share/ndt_omp_ros2/cmake/ndt_omp_ros2Config-version.cmake
[3.296s] -- Up-to-date: /home/laura/ndt_ws/install/ndt_omp_ros2/share/ndt_omp_ros2/package.xml
[3.299s] Invoked command in '/home/laura/ndt_ws/build/ndt_omp_ros2' returned '0': CMAKE_PREFIX_PATH=${CMAKE_PREFIX_PATH}:/home/laura/ros2_ws/install/save_pointcloud:/home/laura/ros2_ws/install/nav2_simple_commander:/opt/ros/humble /usr/bin/cmake --install /home/laura/ndt_ws/build/ndt_omp_ros2
