[0.605s] DEBUG:colcon:Command line arguments: ['/usr/bin/colcon', 'build']
[0.605s] DEBUG:colcon:Parsed command line arguments: Namespace(log_base=None, log_level=None, verb_name='build', build_base='build', install_base='install', merge_install=False, symlink_install=False, test_result_base=None, continue_on_error=False, executor='parallel', parallel_workers=4, event_handlers=None, ignore_user_meta=False, metas=['./colcon.meta'], base_paths=['.'], packages_ignore=None, packages_ignore_regex=None, paths=None, packages_up_to=None, packages_up_to_regex=None, packages_above=None, packages_above_and_dependencies=None, packages_above_depth=None, packages_select_by_dep=None, packages_skip_by_dep=None, packages_skip_up_to=None, packages_select_build_failed=False, packages_skip_build_finished=False, packages_select_test_failures=False, packages_skip_test_passed=False, packages_select=None, packages_skip=None, packages_select_regex=None, packages_skip_regex=None, packages_start=None, packages_end=None, allow_overriding=[], cmake_args=None, cmake_target=None, cmake_target_skip_unavailable=False, cmake_clean_cache=False, cmake_clean_first=False, cmake_force_configure=False, ament_cmake_args=None, catkin_cmake_args=None, catkin_skip_building_tests=False, verb_parser=<colcon_defaults.argument_parser.defaults.DefaultArgumentsDecorator object at 0x7fe10ccee140>, verb_extension=<colcon_core.verb.build.BuildVerb object at 0x7fe10d7006d0>, main=<bound method BuildVerb.main of <colcon_core.verb.build.BuildVerb object at 0x7fe10d7006d0>>)
[0.668s] Level 1:colcon.colcon_core.package_discovery:discover_packages(colcon_meta) check parameters
[0.668s] Level 1:colcon.colcon_core.package_discovery:discover_packages(recursive) check parameters
[0.668s] Level 1:colcon.colcon_core.package_discovery:discover_packages(ignore) check parameters
[0.668s] Level 1:colcon.colcon_core.package_discovery:discover_packages(path) check parameters
[0.668s] Level 1:colcon.colcon_core.package_discovery:discover_packages(colcon_meta) discover
[0.668s] Level 1:colcon.colcon_core.package_discovery:discover_packages(recursive) discover
[0.668s] INFO:colcon.colcon_core.package_discovery:Crawling recursively for packages in '/home/laura/ndt_ws'
[0.668s] Level 1:colcon.colcon_core.package_identification:_identify(.) by extensions ['ignore', 'ignore_ament_install']
[0.669s] Level 1:colcon.colcon_core.package_identification:_identify(.) by extension 'ignore'
[0.669s] Level 1:colcon.colcon_core.package_identification:_identify(.) by extension 'ignore_ament_install'
[0.669s] Level 1:colcon.colcon_core.package_identification:_identify(.) by extensions ['colcon_pkg']
[0.669s] Level 1:colcon.colcon_core.package_identification:_identify(.) by extension 'colcon_pkg'
[0.669s] Level 1:colcon.colcon_core.package_identification:_identify(.) by extensions ['colcon_meta']
[0.669s] Level 1:colcon.colcon_core.package_identification:_identify(.) by extension 'colcon_meta'
[0.669s] Level 1:colcon.colcon_core.package_identification:_identify(.) by extensions ['ros']
[0.669s] Level 1:colcon.colcon_core.package_identification:_identify(.) by extension 'ros'
[0.685s] Level 1:colcon.colcon_core.package_identification:_identify(.) by extensions ['cmake', 'python']
[0.685s] Level 1:colcon.colcon_core.package_identification:_identify(.) by extension 'cmake'
[0.685s] Level 1:colcon.colcon_core.package_identification:_identify(.) by extension 'python'
[0.685s] Level 1:colcon.colcon_core.package_identification:_identify(.) by extensions ['python_setup_py']
[0.685s] Level 1:colcon.colcon_core.package_identification:_identify(.) by extension 'python_setup_py'
[0.685s] Level 1:colcon.colcon_core.package_identification:_identify(build) by extensions ['ignore', 'ignore_ament_install']
[0.685s] Level 1:colcon.colcon_core.package_identification:_identify(build) by extension 'ignore'
[0.686s] Level 1:colcon.colcon_core.package_identification:_identify(build) ignored
[0.686s] Level 1:colcon.colcon_core.package_identification:_identify(install) by extensions ['ignore', 'ignore_ament_install']
[0.686s] Level 1:colcon.colcon_core.package_identification:_identify(install) by extension 'ignore'
[0.686s] Level 1:colcon.colcon_core.package_identification:_identify(install) ignored
[0.686s] Level 1:colcon.colcon_core.package_identification:_identify(log) by extensions ['ignore', 'ignore_ament_install']
[0.686s] Level 1:colcon.colcon_core.package_identification:_identify(log) by extension 'ignore'
[0.686s] Level 1:colcon.colcon_core.package_identification:_identify(log) ignored
[0.686s] Level 1:colcon.colcon_core.package_identification:_identify(src) by extensions ['ignore', 'ignore_ament_install']
[0.686s] Level 1:colcon.colcon_core.package_identification:_identify(src) by extension 'ignore'
[0.686s] Level 1:colcon.colcon_core.package_identification:_identify(src) by extension 'ignore_ament_install'
[0.686s] Level 1:colcon.colcon_core.package_identification:_identify(src) by extensions ['colcon_pkg']
[0.686s] Level 1:colcon.colcon_core.package_identification:_identify(src) by extension 'colcon_pkg'
[0.687s] Level 1:colcon.colcon_core.package_identification:_identify(src) by extensions ['colcon_meta']
[0.687s] Level 1:colcon.colcon_core.package_identification:_identify(src) by extension 'colcon_meta'
[0.687s] Level 1:colcon.colcon_core.package_identification:_identify(src) by extensions ['ros']
[0.687s] Level 1:colcon.colcon_core.package_identification:_identify(src) by extension 'ros'
[0.687s] Level 1:colcon.colcon_core.package_identification:_identify(src) by extensions ['cmake', 'python']
[0.687s] Level 1:colcon.colcon_core.package_identification:_identify(src) by extension 'cmake'
[0.687s] Level 1:colcon.colcon_core.package_identification:_identify(src) by extension 'python'
[0.687s] Level 1:colcon.colcon_core.package_identification:_identify(src) by extensions ['python_setup_py']
[0.687s] Level 1:colcon.colcon_core.package_identification:_identify(src) by extension 'python_setup_py'
[0.687s] Level 1:colcon.colcon_core.package_identification:_identify(src/ndt_omp_ros2) by extensions ['ignore', 'ignore_ament_install']
[0.687s] Level 1:colcon.colcon_core.package_identification:_identify(src/ndt_omp_ros2) by extension 'ignore'
[0.687s] Level 1:colcon.colcon_core.package_identification:_identify(src/ndt_omp_ros2) by extension 'ignore_ament_install'
[0.687s] Level 1:colcon.colcon_core.package_identification:_identify(src/ndt_omp_ros2) by extensions ['colcon_pkg']
[0.687s] Level 1:colcon.colcon_core.package_identification:_identify(src/ndt_omp_ros2) by extension 'colcon_pkg'
[0.687s] Level 1:colcon.colcon_core.package_identification:_identify(src/ndt_omp_ros2) by extensions ['colcon_meta']
[0.687s] Level 1:colcon.colcon_core.package_identification:_identify(src/ndt_omp_ros2) by extension 'colcon_meta'
[0.687s] Level 1:colcon.colcon_core.package_identification:_identify(src/ndt_omp_ros2) by extensions ['ros']
[0.687s] Level 1:colcon.colcon_core.package_identification:_identify(src/ndt_omp_ros2) by extension 'ros'
[0.690s] DEBUG:colcon.colcon_core.package_identification:Package 'src/ndt_omp_ros2' with type 'ros.ament_cmake' and name 'ndt_omp_ros2'
[0.690s] Level 1:colcon.colcon_core.package_discovery:discover_packages(recursive) using defaults
[0.690s] Level 1:colcon.colcon_core.package_discovery:discover_packages(ignore) discover
[0.690s] Level 1:colcon.colcon_core.package_discovery:discover_packages(ignore) using defaults
[0.691s] Level 1:colcon.colcon_core.package_discovery:discover_packages(path) discover
[0.691s] Level 1:colcon.colcon_core.package_discovery:discover_packages(path) using defaults
[0.733s] Level 1:colcon.colcon_core.package_discovery:discover_packages(prefix_path) check parameters
[0.733s] Level 1:colcon.colcon_core.package_discovery:discover_packages(prefix_path) discover
[0.740s] WARNING:colcon.colcon_ros.prefix_path.catkin:The path '/home/laura/test_msgs' in the environment variable CMAKE_PREFIX_PATH doesn't exist
[0.743s] DEBUG:colcon.colcon_installed_package_information.package_discovery:Found 39 installed packages in /home/laura/ros2_ws/install
[0.745s] DEBUG:colcon.colcon_installed_package_information.package_discovery:Found 0 installed packages in /home/laura/colcon_ws/install
[0.748s] DEBUG:colcon.colcon_installed_package_information.package_discovery:Found 383 installed packages in /opt/ros/humble
[0.753s] Level 1:colcon.colcon_core.package_discovery:discover_packages(prefix_path) using defaults
[0.882s] Level 5:colcon.colcon_core.verb:set package 'ndt_omp_ros2' build argument 'cmake_args' from command line to 'None'
[0.882s] Level 5:colcon.colcon_core.verb:set package 'ndt_omp_ros2' build argument 'cmake_target' from command line to 'None'
[0.882s] Level 5:colcon.colcon_core.verb:set package 'ndt_omp_ros2' build argument 'cmake_target_skip_unavailable' from command line to 'False'
[0.882s] Level 5:colcon.colcon_core.verb:set package 'ndt_omp_ros2' build argument 'cmake_clean_cache' from command line to 'False'
[0.882s] Level 5:colcon.colcon_core.verb:set package 'ndt_omp_ros2' build argument 'cmake_clean_first' from command line to 'False'
[0.882s] Level 5:colcon.colcon_core.verb:set package 'ndt_omp_ros2' build argument 'cmake_force_configure' from command line to 'False'
[0.882s] Level 5:colcon.colcon_core.verb:set package 'ndt_omp_ros2' build argument 'ament_cmake_args' from command line to 'None'
[0.882s] Level 5:colcon.colcon_core.verb:set package 'ndt_omp_ros2' build argument 'catkin_cmake_args' from command line to 'None'
[0.882s] Level 5:colcon.colcon_core.verb:set package 'ndt_omp_ros2' build argument 'catkin_skip_building_tests' from command line to 'False'
[0.882s] DEBUG:colcon.colcon_core.verb:Building package 'ndt_omp_ros2' with the following arguments: {'ament_cmake_args': None, 'build_base': '/home/laura/ndt_ws/build/ndt_omp_ros2', 'catkin_cmake_args': None, 'catkin_skip_building_tests': False, 'cmake_args': None, 'cmake_clean_cache': False, 'cmake_clean_first': False, 'cmake_force_configure': False, 'cmake_target': None, 'cmake_target_skip_unavailable': False, 'install_base': '/home/laura/ndt_ws/install/ndt_omp_ros2', 'merge_install': False, 'path': '/home/laura/ndt_ws/src/ndt_omp_ros2', 'symlink_install': False, 'test_result_base': None}
[0.883s] INFO:colcon.colcon_core.executor:Executing jobs using 'parallel' executor
[0.887s] DEBUG:colcon.colcon_parallel_executor.executor.parallel:run_until_complete
[0.887s] INFO:colcon.colcon_ros.task.ament_cmake.build:Building ROS package in '/home/laura/ndt_ws/src/ndt_omp_ros2' with build type 'ament_cmake'
[0.887s] INFO:colcon.colcon_cmake.task.cmake.build:Building CMake package in '/home/laura/ndt_ws/src/ndt_omp_ros2'
[0.898s] INFO:colcon.colcon_core.plugin_system:Skipping extension 'colcon_core.shell.bat': Not used on non-Windows systems
[0.899s] INFO:colcon.colcon_core.shell:Skip shell extension 'powershell' for command environment: Not usable outside of PowerShell
[0.899s] DEBUG:colcon.colcon_core.shell:Skip shell extension 'dsv' for command environment
[0.922s] DEBUG:colcon.colcon_core.event_handler.log_command:Invoking command in '/home/laura/ndt_ws/build/ndt_omp_ros2': CMAKE_PREFIX_PATH=${CMAKE_PREFIX_PATH}:/home/laura/ros2_ws/install/save_pointcloud:/home/laura/ros2_ws/install/nav2_simple_commander:/opt/ros/humble /usr/bin/cmake --build /home/laura/ndt_ws/build/ndt_omp_ros2 -- -j4 -l4
[4.078s] DEBUG:colcon.colcon_core.event_handler.log_command:Invoked command in '/home/laura/ndt_ws/build/ndt_omp_ros2' returned '0': CMAKE_PREFIX_PATH=${CMAKE_PREFIX_PATH}:/home/laura/ros2_ws/install/save_pointcloud:/home/laura/ros2_ws/install/nav2_simple_commander:/opt/ros/humble /usr/bin/cmake --build /home/laura/ndt_ws/build/ndt_omp_ros2 -- -j4 -l4
[4.164s] DEBUG:colcon.colcon_core.event_handler.log_command:Invoking command in '/home/laura/ndt_ws/build/ndt_omp_ros2': CMAKE_PREFIX_PATH=${CMAKE_PREFIX_PATH}:/home/laura/ros2_ws/install/save_pointcloud:/home/laura/ros2_ws/install/nav2_simple_commander:/opt/ros/humble /usr/bin/cmake --install /home/laura/ndt_ws/build/ndt_omp_ros2
[4.185s] Level 1:colcon.colcon_core.environment:create_environment_scripts_only(ndt_omp_ros2)
[4.187s] DEBUG:colcon.colcon_core.event_handler.log_command:Invoked command in '/home/laura/ndt_ws/build/ndt_omp_ros2' returned '0': CMAKE_PREFIX_PATH=${CMAKE_PREFIX_PATH}:/home/laura/ros2_ws/install/save_pointcloud:/home/laura/ros2_ws/install/nav2_simple_commander:/opt/ros/humble /usr/bin/cmake --install /home/laura/ndt_ws/build/ndt_omp_ros2
[4.199s] Level 1:colcon.colcon_core.environment:checking '/home/laura/ndt_ws/install/ndt_omp_ros2' for CMake module files
[4.200s] Level 1:colcon.colcon_core.environment:checking '/home/laura/ndt_ws/install/ndt_omp_ros2' for CMake config files
[4.200s] Level 1:colcon.colcon_core.shell:create_environment_hook('ndt_omp_ros2', 'cmake_prefix_path')
[4.202s] INFO:colcon.colcon_core.shell:Creating environment hook '/home/laura/ndt_ws/install/ndt_omp_ros2/share/ndt_omp_ros2/hook/cmake_prefix_path.ps1'
[4.204s] INFO:colcon.colcon_core.shell:Creating environment descriptor '/home/laura/ndt_ws/install/ndt_omp_ros2/share/ndt_omp_ros2/hook/cmake_prefix_path.dsv'
[4.205s] INFO:colcon.colcon_core.shell:Creating environment hook '/home/laura/ndt_ws/install/ndt_omp_ros2/share/ndt_omp_ros2/hook/cmake_prefix_path.sh'
[4.207s] Level 1:colcon.colcon_core.environment:checking '/home/laura/ndt_ws/install/ndt_omp_ros2/lib'
[4.207s] Level 1:colcon.colcon_core.environment:checking '/home/laura/ndt_ws/install/ndt_omp_ros2/bin'
[4.207s] Level 1:colcon.colcon_core.shell:create_environment_hook('ndt_omp_ros2', 'path')
[4.208s] INFO:colcon.colcon_core.shell:Creating environment hook '/home/laura/ndt_ws/install/ndt_omp_ros2/share/ndt_omp_ros2/hook/path.ps1'
[4.209s] INFO:colcon.colcon_core.shell:Creating environment descriptor '/home/laura/ndt_ws/install/ndt_omp_ros2/share/ndt_omp_ros2/hook/path.dsv'
[4.209s] INFO:colcon.colcon_core.shell:Creating environment hook '/home/laura/ndt_ws/install/ndt_omp_ros2/share/ndt_omp_ros2/hook/path.sh'
[4.210s] Level 1:colcon.colcon_core.environment:checking '/home/laura/ndt_ws/install/ndt_omp_ros2/lib/pkgconfig/ndt_omp_ros2.pc'
[4.210s] Level 1:colcon.colcon_core.environment:checking '/home/laura/ndt_ws/install/ndt_omp_ros2/lib/python3.10/site-packages'
[4.210s] Level 1:colcon.colcon_core.environment:checking '/home/laura/ndt_ws/install/ndt_omp_ros2/bin'
[4.211s] Level 1:colcon.colcon_core.shell:create_environment_hook('ndt_omp_ros2', 'pythonscriptspath')
[4.212s] INFO:colcon.colcon_core.shell:Creating environment hook '/home/laura/ndt_ws/install/ndt_omp_ros2/share/ndt_omp_ros2/hook/pythonscriptspath.ps1'
[4.212s] INFO:colcon.colcon_core.shell:Creating environment descriptor '/home/laura/ndt_ws/install/ndt_omp_ros2/share/ndt_omp_ros2/hook/pythonscriptspath.dsv'
[4.213s] INFO:colcon.colcon_core.shell:Creating environment hook '/home/laura/ndt_ws/install/ndt_omp_ros2/share/ndt_omp_ros2/hook/pythonscriptspath.sh'
[4.215s] INFO:colcon.colcon_core.shell:Creating package script '/home/laura/ndt_ws/install/ndt_omp_ros2/share/ndt_omp_ros2/package.ps1'
[4.216s] INFO:colcon.colcon_core.shell:Creating package descriptor '/home/laura/ndt_ws/install/ndt_omp_ros2/share/ndt_omp_ros2/package.dsv'
[4.217s] INFO:colcon.colcon_core.shell:Creating package script '/home/laura/ndt_ws/install/ndt_omp_ros2/share/ndt_omp_ros2/package.sh'
[4.218s] INFO:colcon.colcon_core.shell:Creating package script '/home/laura/ndt_ws/install/ndt_omp_ros2/share/ndt_omp_ros2/package.bash'
[4.219s] INFO:colcon.colcon_core.shell:Creating package script '/home/laura/ndt_ws/install/ndt_omp_ros2/share/ndt_omp_ros2/package.zsh'
[4.221s] Level 1:colcon.colcon_core.environment:create_file_with_runtime_dependencies(/home/laura/ndt_ws/install/ndt_omp_ros2/share/colcon-core/packages/ndt_omp_ros2)
[4.290s] Level 1:colcon.colcon_core.environment:create_environment_scripts_only(ndt_omp_ros2)
[4.292s] Level 1:colcon.colcon_core.environment:checking '/home/laura/ndt_ws/install/ndt_omp_ros2' for CMake module files
[4.293s] Level 1:colcon.colcon_core.environment:checking '/home/laura/ndt_ws/install/ndt_omp_ros2' for CMake config files
[4.293s] Level 1:colcon.colcon_core.shell:create_environment_hook('ndt_omp_ros2', 'cmake_prefix_path')
[4.294s] INFO:colcon.colcon_core.shell:Creating environment hook '/home/laura/ndt_ws/install/ndt_omp_ros2/share/ndt_omp_ros2/hook/cmake_prefix_path.ps1'
[4.295s] INFO:colcon.colcon_core.shell:Creating environment descriptor '/home/laura/ndt_ws/install/ndt_omp_ros2/share/ndt_omp_ros2/hook/cmake_prefix_path.dsv'
[4.296s] INFO:colcon.colcon_core.shell:Creating environment hook '/home/laura/ndt_ws/install/ndt_omp_ros2/share/ndt_omp_ros2/hook/cmake_prefix_path.sh'
[4.296s] Level 1:colcon.colcon_core.environment:checking '/home/laura/ndt_ws/install/ndt_omp_ros2/lib'
[4.296s] Level 1:colcon.colcon_core.environment:checking '/home/laura/ndt_ws/install/ndt_omp_ros2/bin'
[4.296s] Level 1:colcon.colcon_core.shell:create_environment_hook('ndt_omp_ros2', 'path')
[4.298s] INFO:colcon.colcon_core.shell:Creating environment hook '/home/laura/ndt_ws/install/ndt_omp_ros2/share/ndt_omp_ros2/hook/path.ps1'
[4.298s] INFO:colcon.colcon_core.shell:Creating environment descriptor '/home/laura/ndt_ws/install/ndt_omp_ros2/share/ndt_omp_ros2/hook/path.dsv'
[4.299s] INFO:colcon.colcon_core.shell:Creating environment hook '/home/laura/ndt_ws/install/ndt_omp_ros2/share/ndt_omp_ros2/hook/path.sh'
[4.299s] Level 1:colcon.colcon_core.environment:checking '/home/laura/ndt_ws/install/ndt_omp_ros2/lib/pkgconfig/ndt_omp_ros2.pc'
[4.300s] Level 1:colcon.colcon_core.environment:checking '/home/laura/ndt_ws/install/ndt_omp_ros2/lib/python3.10/site-packages'
[4.300s] Level 1:colcon.colcon_core.environment:checking '/home/laura/ndt_ws/install/ndt_omp_ros2/bin'
[4.300s] Level 1:colcon.colcon_core.shell:create_environment_hook('ndt_omp_ros2', 'pythonscriptspath')
[4.302s] INFO:colcon.colcon_core.shell:Creating environment hook '/home/laura/ndt_ws/install/ndt_omp_ros2/share/ndt_omp_ros2/hook/pythonscriptspath.ps1'
[4.302s] INFO:colcon.colcon_core.shell:Creating environment descriptor '/home/laura/ndt_ws/install/ndt_omp_ros2/share/ndt_omp_ros2/hook/pythonscriptspath.dsv'
[4.303s] INFO:colcon.colcon_core.shell:Creating environment hook '/home/laura/ndt_ws/install/ndt_omp_ros2/share/ndt_omp_ros2/hook/pythonscriptspath.sh'
[4.305s] INFO:colcon.colcon_core.shell:Creating package script '/home/laura/ndt_ws/install/ndt_omp_ros2/share/ndt_omp_ros2/package.ps1'
[4.305s] INFO:colcon.colcon_core.shell:Creating package descriptor '/home/laura/ndt_ws/install/ndt_omp_ros2/share/ndt_omp_ros2/package.dsv'
[4.306s] INFO:colcon.colcon_core.shell:Creating package script '/home/laura/ndt_ws/install/ndt_omp_ros2/share/ndt_omp_ros2/package.sh'
[4.307s] INFO:colcon.colcon_core.shell:Creating package script '/home/laura/ndt_ws/install/ndt_omp_ros2/share/ndt_omp_ros2/package.bash'
[4.307s] INFO:colcon.colcon_core.shell:Creating package script '/home/laura/ndt_ws/install/ndt_omp_ros2/share/ndt_omp_ros2/package.zsh'
[4.307s] Level 1:colcon.colcon_core.environment:create_file_with_runtime_dependencies(/home/laura/ndt_ws/install/ndt_omp_ros2/share/colcon-core/packages/ndt_omp_ros2)
[4.308s] DEBUG:colcon.colcon_parallel_executor.executor.parallel:closing loop
[4.308s] DEBUG:colcon.colcon_parallel_executor.executor.parallel:loop closed
[4.308s] DEBUG:colcon.colcon_parallel_executor.executor.parallel:run_until_complete finished with '0'
[4.308s] DEBUG:colcon.colcon_core.event_reactor:joining thread
[4.318s] INFO:colcon.colcon_core.plugin_system:Skipping extension 'colcon_notification.desktop_notification.terminal_notifier': Not used on non-Darwin systems
[4.319s] INFO:colcon.colcon_core.plugin_system:Skipping extension 'colcon_notification.desktop_notification.win32': Not used on non-Windows systems
[4.319s] INFO:colcon.colcon_notification.desktop_notification:Sending desktop notification using 'notify2'
[4.334s] DEBUG:colcon.colcon_core.event_reactor:joined thread
[4.337s] INFO:colcon.colcon_core.shell:Creating prefix script '/home/laura/ndt_ws/install/local_setup.ps1'
[4.339s] INFO:colcon.colcon_core.shell:Creating prefix util module '/home/laura/ndt_ws/install/_local_setup_util_ps1.py'
[4.342s] INFO:colcon.colcon_core.shell:Creating prefix chain script '/home/laura/ndt_ws/install/setup.ps1'
[4.346s] INFO:colcon.colcon_core.shell:Creating prefix script '/home/laura/ndt_ws/install/local_setup.sh'
[4.347s] INFO:colcon.colcon_core.shell:Creating prefix util module '/home/laura/ndt_ws/install/_local_setup_util_sh.py'
[4.348s] INFO:colcon.colcon_core.shell:Creating prefix chain script '/home/laura/ndt_ws/install/setup.sh'
[4.352s] INFO:colcon.colcon_core.shell:Creating prefix script '/home/laura/ndt_ws/install/local_setup.bash'
[4.353s] INFO:colcon.colcon_core.shell:Creating prefix chain script '/home/laura/ndt_ws/install/setup.bash'
[4.357s] INFO:colcon.colcon_core.shell:Creating prefix script '/home/laura/ndt_ws/install/local_setup.zsh'
[4.358s] INFO:colcon.colcon_core.shell:Creating prefix chain script '/home/laura/ndt_ws/install/setup.zsh'
